<?xml version="1.0" encoding="UTF-8"?>
<!-- Generated by org.testng.reporters.JUnitReportReporter -->
<testsuite skipped="0" hostname="aahil" name="udemy.UdemyE2E.HomePage" tests="1" failures="0" timestamp="22 Apr 2018 04:46:41 GMT" time="27.287" errors="0">
  <testcase name="BaseNaviagation" time="27.287" classname="udemy.UdemyE2E.HomePage"/>
</testsuite> <!-- udemy.UdemyE2E.HomePage -->
